Build started 1/27/2015 11:50:23 AM.
     1>Project "C:\Users\jared.ramey\Documents\GitHub\extraFilesAndSuch\CollisionResponse\CollisionResponse\CollisionResponse\CollisionResponse\CollisionResponse.vcxproj" on node 2 (Build target(s)).
     1>Link:
         C:\Program Files (x86)\Microsoft Visual Studio 12.0\VC\bin\link.exe /ERRORREPORT:PROMPT /OUT:"C:\Users\jared.ramey\Documents\GitHub\extraFilesAndSuch\CollisionResponse\CollisionResponse\CollisionResponse\Debug\CollisionResponse.exe" /INCREMENTAL /NOLOGO MathLib.lib glu32.lib OpenGL32.lib glfw3.lib glew32s.lib kernel32.lib user32.lib gdi32.lib winspool.lib comdlg32.lib advapi32.lib shell32.lib ole32.lib oleaut32.lib uuid.lib odbc32.lib odbccp32.lib /MANIFEST /MANIFESTUAC:"level='asInvoker' uiAccess='false'" /manifest:embed /DEBUG /PDB:"C:\Users\jared.ramey\Documents\GitHub\extraFilesAndSuch\CollisionResponse\CollisionResponse\CollisionResponse\Debug\CollisionResponse.pdb" /TLBID:1 /DYNAMICBASE /NXCOMPAT /IMPLIB:"C:\Users\jared.ramey\Documents\GitHub\extraFilesAndSuch\CollisionResponse\CollisionResponse\CollisionResponse\Debug\CollisionResponse.lib" /MACHINE:X86 Debug\Circle.obj
         Debug\Entity.obj
         Debug\main.obj
         Debug\Shaders.obj
         Debug\Timer.obj
     1>LINK : warning LNK4098: defaultlib 'LIBCMT' conflicts with use of other libs; use /NODEFAULTLIB:library
     1>glfw3.lib(context.obj) : warning LNK4099: PDB 'vc110.pdb' was not found with 'glfw3.lib(context.obj)' or at 'C:\Users\jared.ramey\Documents\GitHub\extraFilesAndSuch\CollisionResponse\CollisionResponse\CollisionResponse\Debug\vc110.pdb'; linking object as if no debug info
     1>glfw3.lib(gamma.obj) : warning LNK4099: PDB 'vc110.pdb' was not found with 'glfw3.lib(gamma.obj)' or at 'C:\Users\jared.ramey\Documents\GitHub\extraFilesAndSuch\CollisionResponse\CollisionResponse\CollisionResponse\Debug\vc110.pdb'; linking object as if no debug info
     1>glfw3.lib(init.obj) : warning LNK4099: PDB 'vc110.pdb' was not found with 'glfw3.lib(init.obj)' or at 'C:\Users\jared.ramey\Documents\GitHub\extraFilesAndSuch\CollisionResponse\CollisionResponse\CollisionResponse\Debug\vc110.pdb'; linking object as if no debug info
     1>glfw3.lib(input.obj) : warning LNK4099: PDB 'vc110.pdb' was not found with 'glfw3.lib(input.obj)' or at 'C:\Users\jared.ramey\Documents\GitHub\extraFilesAndSuch\CollisionResponse\CollisionResponse\CollisionResponse\Debug\vc110.pdb'; linking object as if no debug info
     1>glfw3.lib(monitor.obj) : warning LNK4099: PDB 'vc110.pdb' was not found with 'glfw3.lib(monitor.obj)' or at 'C:\Users\jared.ramey\Documents\GitHub\extraFilesAndSuch\CollisionResponse\CollisionResponse\CollisionResponse\Debug\vc110.pdb'; linking object as if no debug info
     1>glfw3.lib(window.obj) : warning LNK4099: PDB 'vc110.pdb' was not found with 'glfw3.lib(window.obj)' or at 'C:\Users\jared.ramey\Documents\GitHub\extraFilesAndSuch\CollisionResponse\CollisionResponse\CollisionResponse\Debug\vc110.pdb'; linking object as if no debug info
     1>glfw3.lib(win32_gamma.obj) : warning LNK4099: PDB 'vc110.pdb' was not found with 'glfw3.lib(win32_gamma.obj)' or at 'C:\Users\jared.ramey\Documents\GitHub\extraFilesAndSuch\CollisionResponse\CollisionResponse\CollisionResponse\Debug\vc110.pdb'; linking object as if no debug info
     1>glfw3.lib(win32_init.obj) : warning LNK4099: PDB 'vc110.pdb' was not found with 'glfw3.lib(win32_init.obj)' or at 'C:\Users\jared.ramey\Documents\GitHub\extraFilesAndSuch\CollisionResponse\CollisionResponse\CollisionResponse\Debug\vc110.pdb'; linking object as if no debug info
     1>glfw3.lib(win32_joystick.obj) : warning LNK4099: PDB 'vc110.pdb' was not found with 'glfw3.lib(win32_joystick.obj)' or at 'C:\Users\jared.ramey\Documents\GitHub\extraFilesAndSuch\CollisionResponse\CollisionResponse\CollisionResponse\Debug\vc110.pdb'; linking object as if no debug info
     1>glfw3.lib(win32_monitor.obj) : warning LNK4099: PDB 'vc110.pdb' was not found with 'glfw3.lib(win32_monitor.obj)' or at 'C:\Users\jared.ramey\Documents\GitHub\extraFilesAndSuch\CollisionResponse\CollisionResponse\CollisionResponse\Debug\vc110.pdb'; linking object as if no debug info
     1>glfw3.lib(win32_time.obj) : warning LNK4099: PDB 'vc110.pdb' was not found with 'glfw3.lib(win32_time.obj)' or at 'C:\Users\jared.ramey\Documents\GitHub\extraFilesAndSuch\CollisionResponse\CollisionResponse\CollisionResponse\Debug\vc110.pdb'; linking object as if no debug info
     1>glfw3.lib(win32_window.obj) : warning LNK4099: PDB 'vc110.pdb' was not found with 'glfw3.lib(win32_window.obj)' or at 'C:\Users\jared.ramey\Documents\GitHub\extraFilesAndSuch\CollisionResponse\CollisionResponse\CollisionResponse\Debug\vc110.pdb'; linking object as if no debug info
     1>glfw3.lib(wgl_context.obj) : warning LNK4099: PDB 'vc110.pdb' was not found with 'glfw3.lib(wgl_context.obj)' or at 'C:\Users\jared.ramey\Documents\GitHub\extraFilesAndSuch\CollisionResponse\CollisionResponse\CollisionResponse\Debug\vc110.pdb'; linking object as if no debug info
     1>glew32s.lib(glew.obj) : warning LNK4099: PDB 'vc100.pdb' was not found with 'glew32s.lib(glew.obj)' or at 'C:\Users\jared.ramey\Documents\GitHub\extraFilesAndSuch\CollisionResponse\CollisionResponse\CollisionResponse\Debug\vc100.pdb'; linking object as if no debug info
         CollisionResponse.vcxproj -> C:\Users\jared.ramey\Documents\GitHub\extraFilesAndSuch\CollisionResponse\CollisionResponse\CollisionResponse\Debug\CollisionResponse.exe
     1>Done Building Project "C:\Users\jared.ramey\Documents\GitHub\extraFilesAndSuch\CollisionResponse\CollisionResponse\CollisionResponse\CollisionResponse\CollisionResponse.vcxproj" (Build target(s)).

Build succeeded.

Time Elapsed 00:00:01.73
