c:\users\jared.ramey\documents\github\extrafilesandsuch\graphs and nodes\visualgraphsandnodes\aie year1 framework vs2013\obj\vc120.pdb
c:\users\jared.ramey\documents\github\extrafilesandsuch\graphs and nodes\visualgraphsandnodes\aie year1 framework vs2013\obj\vc120.idb
c:\users\jared.ramey\documents\github\extrafilesandsuch\graphs and nodes\visualgraphsandnodes\aie year1 framework vs2013\obj\agent.obj
c:\users\jared.ramey\documents\github\extrafilesandsuch\graphs and nodes\visualgraphsandnodes\aie year1 framework vs2013\obj\ai.obj
c:\users\jared.ramey\documents\github\extrafilesandsuch\graphs and nodes\visualgraphsandnodes\aie year1 framework vs2013\obj\flee.obj
c:\users\jared.ramey\documents\github\extrafilesandsuch\graphs and nodes\visualgraphsandnodes\aie year1 framework vs2013\obj\global.obj
c:\users\jared.ramey\documents\github\extrafilesandsuch\graphs and nodes\visualgraphsandnodes\aie year1 framework vs2013\obj\seek.obj
c:\users\jared.ramey\documents\github\extrafilesandsuch\graphs and nodes\visualgraphsandnodes\aie year1 framework vs2013\obj\graph.obj
c:\users\jared.ramey\documents\github\extrafilesandsuch\graphs and nodes\visualgraphsandnodes\aie year1 framework vs2013\obj\graphnode.obj
c:\users\jared.ramey\documents\github\extrafilesandsuch\graphs and nodes\visualgraphsandnodes\aie year1 framework vs2013\obj\main.obj
c:\users\jared.ramey\documents\github\extrafilesandsuch\graphs and nodes\visualgraphsandnodes\aie year1 framework vs2013\obj\steeringbehavior.obj
c:\users\jared.ramey\documents\github\extrafilesandsuch\graphs and nodes\visualgraphsandnodes\aie year1 framework vs2013\obj\wander.obj
c:\users\jared.ramey\documents\github\extrafilesandsuch\graphs and nodes\visualgraphsandnodes\aie year1 framework vs2013\obj\seperation.obj
c:\users\jared.ramey\documents\github\extrafilesandsuch\graphs and nodes\visualgraphsandnodes\aie year1 framework vs2013\obj\allingment.obj
c:\users\jared.ramey\documents\github\extrafilesandsuch\graphs and nodes\visualgraphsandnodes\aie year1 framework vs2013\obj\cohesion.obj
c:\users\jared.ramey\documents\github\extrafilesandsuch\graphs and nodes\visualgraphsandnodes\aie year1 framework vs2013\obj\aie template.tlog\cl.command.1.tlog
c:\users\jared.ramey\documents\github\extrafilesandsuch\graphs and nodes\visualgraphsandnodes\aie year1 framework vs2013\obj\aie template.tlog\cl.read.1.tlog
c:\users\jared.ramey\documents\github\extrafilesandsuch\graphs and nodes\visualgraphsandnodes\aie year1 framework vs2013\obj\aie template.tlog\cl.write.1.tlog
c:\users\jared.ramey\documents\github\extrafilesandsuch\graphs and nodes\visualgraphsandnodes\aie year1 framework vs2013\obj\aie template.tlog\link.4900-cvtres.read.1.tlog
c:\users\jared.ramey\documents\github\extrafilesandsuch\graphs and nodes\visualgraphsandnodes\aie year1 framework vs2013\obj\aie template.tlog\link.4900-cvtres.write.1.tlog
c:\users\jared.ramey\documents\github\extrafilesandsuch\graphs and nodes\visualgraphsandnodes\aie year1 framework vs2013\obj\aie template.tlog\link.4900-rc.read.1.tlog
c:\users\jared.ramey\documents\github\extrafilesandsuch\graphs and nodes\visualgraphsandnodes\aie year1 framework vs2013\obj\aie template.tlog\link.4900-rc.write.1.tlog
c:\users\jared.ramey\documents\github\extrafilesandsuch\graphs and nodes\visualgraphsandnodes\aie year1 framework vs2013\obj\aie template.tlog\link.4900.read.1.tlog
c:\users\jared.ramey\documents\github\extrafilesandsuch\graphs and nodes\visualgraphsandnodes\aie year1 framework vs2013\obj\aie template.tlog\link.4900.write.1.tlog
c:\users\jared.ramey\documents\github\extrafilesandsuch\graphs and nodes\visualgraphsandnodes\aie year1 framework vs2013\obj\aie template.tlog\link.command.1.tlog
c:\users\jared.ramey\documents\github\extrafilesandsuch\graphs and nodes\visualgraphsandnodes\aie year1 framework vs2013\obj\aie template.tlog\link.read.1.tlog
c:\users\jared.ramey\documents\github\extrafilesandsuch\graphs and nodes\visualgraphsandnodes\aie year1 framework vs2013\obj\aie template.tlog\link.write.1.tlog
